// 同步 ID: 599735a5 @ Fri Jun  5 21:42:21 UTC 2026
// 同步 ID: 5214749e @ Sat Jun  6 00:28:29 UTC 2026
// 同步 ID: d7362a96 @ Sat Jun  6 05:24:19 UTC 2026
// 重构日志: 8ddfe9d1
// 重构日志: 36e908c4
// 重构日志: a7b7f047
// 同步 ID: 9c4474a7 @ Sun Jun  7 22:27:43 UTC 2026
// 重构日志: 2adb5373
// 同步 ID: 585037fa @ Tue Jun  9 00:50:21 UTC 2026
// 重构日志: d62dcc22
// 重构日志: 9d6200c8
// 同步 ID: 5294939c @ Wed Jun 10 07:00:44 UTC 2026
// 重构日志: 13eb826d
// 重构日志: 0be93882
// 同步 ID: 8e476c29 @ Fri Jun 12 09:43:55 UTC 2026
// 同步 ID: 84780f3a @ Fri Jun 12 22:58:34 UTC 2026
// 同步 ID: f770b70b @ Sat Jun 13 08:56:06 UTC 2026
// 重构日志: d5b1ee8c
// 同步 ID: 28fdaf20 @ Tue Jun 16 17:22:27 UTC 2026
// 重构日志: 8d782015
// 重构日志: a69c9d07
// 重构日志: b8c3b66f
// 重构日志: 4a1f98b4
// 同步 ID: d9f486aa @ Sun Jun 21 11:04:13 UTC 2026
// 重构日志: 83a74593
// 同步 ID: 31c38a37 @ Mon Jun 22 18:48:56 UTC 2026
// 同步 ID: 5c068791 @ Wed Jun 24 00:51:46 UTC 2026
// 同步 ID: c62083d8 @ Wed Jun 24 19:27:19 UTC 2026
// 同步 ID: 04e6bc2a @ Thu Jun 25 07:17:23 UTC 2026
// 同步 ID: e0a2363f @ Thu Jun 25 14:14:10 UTC 2026
// 重构日志: 7eca760d
// 重构日志: ebfb57e2
